0 747
1 746
2 745
2 744
3 743
3 740
4 742
5 741
6 739
7 738
8 737
9 736
10 735
11 734
11 732
11 731
12 733
13 730
14 729
14 721
14 719
15 728
16 727
17 726
18 725
19 724
20 723
21 722
22 720
22 717
23 718
24 716
25 715
26 714
27 713
28 712
28 711
29 710
30 709
31 708
32 707
33 706
33 704
34 705
35 703
36 702
37 701
38 700
39 699
40 698
41 697
42 696
42 694
43 695
44 693
45 692
46 691
47 690
47 681
47 670
48 689
49 688
50 687
51 686
52 685
53 684
53 672
54 683
54 680
54 678
54 675
55 682
55 676
55 673
55 671
56 679
57 677
58 674
58 669
58 668
59 667
59 655
60 666
61 665
61 663
61 661
62 664
62 658
63 662
64 660
65 659
65 657
65 652
66 656
67 654
68 653
69 651
70 650
71 649
72 648
72 647
73 646
74 645
75 644
75 641
75 638
76 643
77 642
77 640
77 637
78 639
79 636
80 635
81 634
82 633
83 632
84 631
85 630
86 629
86 625
86 623
87 628
87 627
88 626
88 101
89 624
90 622
91 621
92 620
93 619
93 618
94 617
94 613
95 616
95 607
95 605
96 615
96 601
97 614
97 602
98 612
99 611
99 609
100 610
100 600
101 608
101 606
102 604
103 603
104 599
104 597
104 591
104 586
105 598
105 592
106 596
106 594
107 595
107 593
107 588
108 590
108 587
109 589
109 581
110 585
111 584
112 583
113 582
114 580
115 579
115 578
115 572
116 577
116 573
117 576
117 574
118 575
119 571
120 570
120 568
120 543
120 538
120 531
121 569
121 554
121 546
122 567
122 558
122 557
122 551
123 566
123 533
124 565
125 564
126 563
127 562
128 561
129 560
130 559
130 555
130 542
130 535
131 556
132 553
132 552
133 550
133 547
134 549
135 548
136 545
137 544
138 541
139 540
139 539
139 534
140 537
141 536
142 532
143 530
144 529
145 528
145 526
145 520
145 518
146 527
147 525
147 524
148 523
148 515
149 522
150 521
151 519
152 517
153 516
154 514
155 513
155 504
156 512
157 511
158 510
158 506
159 509
160 508
161 507
161 503
161 495
162 505
163 502
164 501
165 500
165 498
165 497
166 499
167 496
168 494
169 493
170 492
171 491
171 487
171 484
172 490
172 485
173 489
174 488
174 475
175 486
175 481
176 483
176 482
176 480
176 478
177 479
178 477
179 476
180 474
180 468
181 473
181 457
182 472
183 471
183 451
184 470
185 469
185 467
185 464
186 466
187 465
188 463
188 456
188 454
189 462
189 460
190 461
191 459
192 458
193 455
194 453
195 452
196 450
197 449
198 448
199 447
199 445
199 439
200 446
200 443
200 438
201 444
201 422
202 442
203 441
204 440
205 437
205 435
205 427
206 436
206 434
207 433
207 423
208 432
209 431
210 430
210 426
210 425
211 429
212 428
213 424
214 421
214 417
215 420
216 419
216 413
217 418
217 415
217 411
217 406
218 416
218 409
219 414
219 408
220 412
220 407
221 410
222 405
223 404
224 403
224 401
224 398
224 390
224 387
225 402
225 400
225 394
225 392
226 399
226 397
227 396
227 393
228 395
229 391
229 389
230 388
231 386
231 385
231 382
231 380
232 384
232 381
232 379
232 377
233 383
233 378
234 376
235 375
236 374
236 361
237 373
238 372
239 371
239 370
239 369
240 368
241 367
242 366
242 365
243 364
244 363
245 362
246 360
246 359
247 358
248 357
249 356
250 355
250 346
251 354
252 353
252 340
253 352
253 350
253 339
254 351
255 349
256 348
257 347
258 345
258 343
259 344
259 342
259 341
260 338
261 337
261 334
262 336
263 335
264 333
264 332
265 331
266 330
267 329
268 328
268 327
269 326
269 320
270 325
270 323
271 324
271 322
272 321
273 319
273 311
274 318
274 315
274 303
275 317
276 316
277 314
278 313
278 312
278 309
279 310
280 308
281 307
281 305
282 306
283 304
284 302
285 301
286 300
286 299
286 296
286 294
286 293
286 292
286 287
287 298
288 297
289 295
289 288
290 291
291 290
292 289
293 286
293 279
294 285
294 276
294 273
294 270
295 284
296 283
297 282
297 280
297 265
298 281
298 278
299 277
300 275
300 269
300 267
301 274
301 271
301 268
301 266
302 272
303 264
304 263
305 262
306 261
307 260
307 248
307 246
308 259
309 258
310 257
310 256
311 255
312 254
313 253
314 252
315 251
316 250
317 249
318 247
319 245
320 244
320 242
321 243
322 241
323 240
323 239
323 235
324 238
325 237
325 75
326 236
327 234
327 232
327 226
328 233
328 231
329 230
329 228
330 229
330 227
331 225
331 219
332 224
332 209
333 223
333 215
334 222
335 221
336 220
336 218
337 217
338 216
338 210
339 214
340 213
341 212
341 207
341 205
342 211
343 208
343 206
343 203
344 204
345 202
345 200
345 198
346 201
346 199
346 197
346 191
347 196
348 195
348 193
348 192
349 194
350 190
351 189
352 188
352 62
353 187
353 177
354 186
355 185
355 184
355 183
356 182
356 181
357 180
358 179
359 178
360 176
360 170
361 175
361 166
362 174
363 173
364 172
365 171
366 169
366 165
367 168
368 167
369 164
370 163
371 162
371 161
372 160
372 157
372 155
373 159
374 158
375 156
376 154
376 151
377 153
378 152
378 147
379 150
380 149
380 146
380 19
381 148
382 145
383 144
383 143
383 129
383 126
384 142
384 140
385 141
385 128
386 139
387 138
387 137
387 131
388 136
389 135
389 133
390 134
391 132
391 127
392 130
393 125
394 124
395 123
396 122
397 121
398 120
399 119
400 118
400 115
401 117
401 116
402 114
402 112
402 108
403 113
404 111
404 109
405 110
406 107
406 105
407 106
408 104
409 103
410 102
411 100
412 99
412 97
412 92
412 90
412 86
412 85
412 81
413 98
414 96
415 95
415 88
415 82
416 94
417 93
418 91
419 89
419 84
419 78
420 87
420 77
421 83
421 80
422 79
423 76
424 74
425 73
426 72
427 71
428 70
428 69
428 66
428 65
429 68
430 67
431 64
432 63
433 61
433 55
433 53
434 60
435 59
436 58
437 57
438 56
439 54
440 52
441 51
442 50
443 49
443 48
444 47
445 46
445 44
445 43
446 45
447 42
448 41
449 40
450 39
451 38
452 37
453 36
453 34
454 35
455 33
455 23
456 32
456 21
457 31
457 29
458 30
459 28
460 27
461 26
462 25
462 24
463 22
464 20
465 18
465 16
466 17
467 15
468 14
468 12
468 11
468 9
469 13
469 10
469 8
469 5
469 3
470 7
470 1
471 6
472 4
473 2
473 0
